0 info it worked if it ends with ok
1 verbose cli [ 'c:\\Workspace\\git\\absolute\\platform\\node-v7.3.0-win-x64\\node.exe',
1 verbose cli   'c:\\Workspace\\git\\absolute\\platform\\node-v7.3.0-win-x64\\node_modules\\npm\\bin\\npm-cli.js',
1 verbose cli   'start',
1 verbose cli   '--prefix',
1 verbose cli   'c:/Workspace/git/absolute/server' ]
2 info using npm@3.10.10
3 info using node@v7.3.0
4 verbose run-script [ 'prestart', 'start', 'poststart' ]
5 info lifecycle absolute@0.0.0~prestart: absolute@0.0.0
6 silly lifecycle absolute@0.0.0~prestart: no script for prestart, continuing
7 info lifecycle absolute@0.0.0~start: absolute@0.0.0
8 verbose lifecycle absolute@0.0.0~start: unsafe-perm in lifecycle true
9 verbose lifecycle absolute@0.0.0~start: PATH: c:\Workspace\git\absolute\platform\node-v7.3.0-win-x64\node_modules\npm\bin\node-gyp-bin;c:\Workspace\git\absolute\server\node_modules\.bin;c:\Workspace\git\absolute\platform\node-v7.3.0-win-x64;C;\WINDOWS\system32;C:\WINDOWS;C:\WINDOWS\System32\Wbem;C:\WINDOWS\System32\WindowsPowerShell\v1.0\;C:\Users\태윤\AppData\Local\Microsoft\WindowsApps;C:\Users\태윤\AppData\Roaming\npm;C:\Users\태윤\AppData\Local\atom\bin
10 verbose lifecycle absolute@0.0.0~start: CWD: c:\Workspace\git\absolute\server
11 silly lifecycle absolute@0.0.0~start: Args: [ '/d /s /c', 'forever ./server.js &' ]
12 silly lifecycle absolute@0.0.0~start: Returned: code: 3221225786  signal: null
13 info lifecycle absolute@0.0.0~start: Failed to exec start script
14 verbose stack Error: absolute@0.0.0 start: `forever ./server.js &`
14 verbose stack Exit status 3221225786
14 verbose stack     at EventEmitter.<anonymous> (c:\Workspace\git\absolute\platform\node-v7.3.0-win-x64\node_modules\npm\lib\utils\lifecycle.js:255:16)
14 verbose stack     at emitTwo (events.js:106:13)
14 verbose stack     at EventEmitter.emit (events.js:191:7)
14 verbose stack     at ChildProcess.<anonymous> (c:\Workspace\git\absolute\platform\node-v7.3.0-win-x64\node_modules\npm\lib\utils\spawn.js:40:14)
14 verbose stack     at emitTwo (events.js:106:13)
14 verbose stack     at ChildProcess.emit (events.js:191:7)
14 verbose stack     at maybeClose (internal/child_process.js:885:16)
14 verbose stack     at Process.ChildProcess._handle.onexit (internal/child_process.js:226:5)
15 verbose pkgid absolute@0.0.0
16 verbose cwd c:\Workspace\git\absolute
17 error Windows_NT 10.0.14393
18 error argv "c:\\Workspace\\git\\absolute\\platform\\node-v7.3.0-win-x64\\node.exe" "c:\\Workspace\\git\\absolute\\platform\\node-v7.3.0-win-x64\\node_modules\\npm\\bin\\npm-cli.js" "start" "--prefix" "c:/Workspace/git/absolute/server"
19 error node v7.3.0
20 error npm  v3.10.10
21 error code ELIFECYCLE
22 error absolute@0.0.0 start: `forever ./server.js &`
22 error Exit status 3221225786
23 error Failed at the absolute@0.0.0 start script 'forever ./server.js &'.
23 error Make sure you have the latest version of node.js and npm installed.
23 error If you do, this is most likely a problem with the absolute package,
23 error not with npm itself.
23 error Tell the author that this fails on your system:
23 error     forever ./server.js &
23 error You can get information on how to open an issue for this project with:
23 error     npm bugs absolute
23 error Or if that isn't available, you can get their info via:
23 error     npm owner ls absolute
23 error There is likely additional logging output above.
24 verbose exit [ 1, true ]
